INFO:     Started server process [13561]
INFO:     Waiting for application startup.
INFO:     Application startup complete.
INFO:     Uvicorn running on http://127.0.0.1:8000 (Press CTRL+C to quit)
Request: HEAD https://april-ampland-phoenix-garcia.trycloudflare.com/mcp/sse
Headers: Headers({'host': 'april-ampland-phoenix-garcia.trycloudflare.com', 'user-agent': 'curl/8.7.1', 'accept': '*/*', 'accept-encoding': 'gzip', 'cdn-loop': 'cloudflare; loops=1; subreqs=1', 'cf-connecting-ip': '185.245.255.195', 'cf-ew-via': '15', 'cf-ipcountry': 'BE', 'cf-ray': '9b38603c660aad3f-BRU', 'cf-visitor': '{"scheme":"https"}', 'cf-warp-tag-id': '2214f60d-c45a-4a74-aa60-bbcb5dbb4e72', 'cf-worker': 'trycloudflare.com', 'connection': 'keep-alive', 'x-forwarded-for': '185.245.255.195', 'x-forwarded-proto': 'https'})
Response: 200
INFO:     185.245.255.195:0 - "HEAD /mcp/sse HTTP/1.1" 200 OK
Request: GET https://april-ampland-phoenix-garcia.trycloudflare.com/mcp/sse
Headers: Headers({'host': 'april-ampland-phoenix-garcia.trycloudflare.com', 'user-agent': 'curl/8.7.1', 'accept': 'text/event-stream', 'accept-encoding': 'gzip', 'cdn-loop': 'cloudflare; loops=1; subreqs=1', 'cf-connecting-ip': '185.245.255.195', 'cf-ew-via': '15', 'cf-ipcountry': 'BE', 'cf-ray': '9b386c20a0edba81-BRU', 'cf-visitor': '{"scheme":"https"}', 'cf-warp-tag-id': '2214f60d-c45a-4a74-aa60-bbcb5dbb4e72', 'cf-worker': 'trycloudflare.com', 'connection': 'keep-alive', 'x-forwarded-for': '185.245.255.195', 'x-forwarded-proto': 'https'})
Response: 200
INFO:     185.245.255.195:0 - "GET /mcp/sse HTTP/1.1" 200 OK
Request: POST https://april-ampland-phoenix-garcia.trycloudflare.com/mcp/messages
Headers: Headers({'host': 'april-ampland-phoenix-garcia.trycloudflare.com', 'user-agent': 'curl/8.7.1', 'content-length': '0', 'accept': '*/*', 'accept-encoding': 'gzip', 'cdn-loop': 'cloudflare; loops=1; subreqs=1', 'cf-connecting-ip': '185.245.255.195', 'cf-ew-via': '15', 'cf-ipcountry': 'BE', 'cf-ray': '9b386c3ee5c3df65-BRU', 'cf-visitor': '{"scheme":"https"}', 'cf-warp-tag-id': '2214f60d-c45a-4a74-aa60-bbcb5dbb4e72', 'cf-worker': 'trycloudflare.com', 'connection': 'keep-alive', 'x-forwarded-for': '185.245.255.195', 'x-forwarded-proto': 'https'})
INFO:     185.245.255.195:0 - "POST /mcp/messages HTTP/1.1" 500 Internal Server Error
ERROR:    Exception in ASGI application
Traceback (most recent call last):
  File "/Library/Frameworks/Python.framework/Versions/3.12/lib/python3.12/json/decoder.py", line 354, in raw_decode
    obj, end = self.scan_once(s, idx)
               ^^^^^^^^^^^^^^^^^^^^^^
StopIteration: 0

The above exception was the direct cause of the following exception:

Traceback (most recent call last):
  File "/Users/jaynowman/dev/mcp-repo-connector/.venv/lib/python3.12/site-packages/uvicorn/protocols/http/httptools_impl.py", line 416, in run_asgi
    result = await app(  # type: ignore[func-returns-value]
             ^^^^^^^^^^^^^^^^^^^^^^^^^^^^^^^^^^^^^^^^^^^^^^
  File "/Users/jaynowman/dev/mcp-repo-connector/.venv/lib/python3.12/site-packages/uvicorn/middleware/proxy_headers.py", line 60, in __call__
    return await self.app(scope, receive, send)
           ^^^^^^^^^^^^^^^^^^^^^^^^^^^^^^^^^^^^
  File "/Users/jaynowman/dev/mcp-repo-connector/.venv/lib/python3.12/site-packages/fastapi/applications.py", line 1135, in __call__
    await super().__call__(scope, receive, send)
  File "/Users/jaynowman/dev/mcp-repo-connector/.venv/lib/python3.12/site-packages/starlette/applications.py", line 107, in __call__
    await self.middleware_stack(scope, receive, send)
  File "/Users/jaynowman/dev/mcp-repo-connector/.venv/lib/python3.12/site-packages/starlette/middleware/errors.py", line 186, in __call__
    raise exc
  File "/Users/jaynowman/dev/mcp-repo-connector/.venv/lib/python3.12/site-packages/starlette/middleware/errors.py", line 164, in __call__
    await self.app(scope, receive, _send)
  File "/Users/jaynowman/dev/mcp-repo-connector/.venv/lib/python3.12/site-packages/starlette/middleware/base.py", line 191, in __call__
    with recv_stream, send_stream, collapse_excgroups():
                                   ^^^^^^^^^^^^^^^^^^^^
  File "/Library/Frameworks/Python.framework/Versions/3.12/lib/python3.12/contextlib.py", line 158, in __exit__
    self.gen.throw(value)
  File "/Users/jaynowman/dev/mcp-repo-connector/.venv/lib/python3.12/site-packages/starlette/_utils.py", line 85, in collapse_excgroups
    raise exc
  File "/Users/jaynowman/dev/mcp-repo-connector/.venv/lib/python3.12/site-packages/starlette/middleware/base.py", line 193, in __call__
    response = await self.dispatch_func(request, call_next)
               ^^^^^^^^^^^^^^^^^^^^^^^^^^^^^^^^^^^^^^^^^^^^
  File "/Users/jaynowman/dev/mcp-repo-connector/src/main.py", line 28, in log_requests
    response = await call_next(request)
               ^^^^^^^^^^^^^^^^^^^^^^^^
  File "/Users/jaynowman/dev/mcp-repo-connector/.venv/lib/python3.12/site-packages/starlette/middleware/base.py", line 168, in call_next
    raise app_exc from app_exc.__cause__ or app_exc.__context__
  File "/Users/jaynowman/dev/mcp-repo-connector/.venv/lib/python3.12/site-packages/starlette/middleware/base.py", line 144, in coro
    await self.app(scope, receive_or_disconnect, send_no_error)
  File "/Users/jaynowman/dev/mcp-repo-connector/.venv/lib/python3.12/site-packages/starlette/middleware/exceptions.py", line 63, in __call__
    await wrap_app_handling_exceptions(self.app, conn)(scope, receive, send)
  File "/Users/jaynowman/dev/mcp-repo-connector/.venv/lib/python3.12/site-packages/starlette/_exception_handler.py", line 53, in wrapped_app
    raise exc
  File "/Users/jaynowman/dev/mcp-repo-connector/.venv/lib/python3.12/site-packages/starlette/_exception_handler.py", line 42, in wrapped_app
    await app(scope, receive, sender)
  File "/Users/jaynowman/dev/mcp-repo-connector/.venv/lib/python3.12/site-packages/fastapi/middleware/asyncexitstack.py", line 18, in __call__
    await self.app(scope, receive, send)
  File "/Users/jaynowman/dev/mcp-repo-connector/.venv/lib/python3.12/site-packages/starlette/routing.py", line 716, in __call__
    await self.middleware_stack(scope, receive, send)
  File "/Users/jaynowman/dev/mcp-repo-connector/.venv/lib/python3.12/site-packages/starlette/routing.py", line 736, in app
    await route.handle(scope, receive, send)
  File "/Users/jaynowman/dev/mcp-repo-connector/.venv/lib/python3.12/site-packages/starlette/routing.py", line 290, in handle
    await self.app(scope, receive, send)
  File "/Users/jaynowman/dev/mcp-repo-connector/.venv/lib/python3.12/site-packages/fastapi/routing.py", line 119, in app
    await wrap_app_handling_exceptions(app, request)(scope, receive, send)
  File "/Users/jaynowman/dev/mcp-repo-connector/.venv/lib/python3.12/site-packages/starlette/_exception_handler.py", line 53, in wrapped_app
    raise exc
  File "/Users/jaynowman/dev/mcp-repo-connector/.venv/lib/python3.12/site-packages/starlette/_exception_handler.py", line 42, in wrapped_app
    await app(scope, receive, sender)
  File "/Users/jaynowman/dev/mcp-repo-connector/.venv/lib/python3.12/site-packages/fastapi/routing.py", line 105, in app
    response = await f(request)
               ^^^^^^^^^^^^^^^^
  File "/Users/jaynowman/dev/mcp-repo-connector/.venv/lib/python3.12/site-packages/fastapi/routing.py", line 426, in app
    raw_response = await run_endpoint_function(
                   ^^^^^^^^^^^^^^^^^^^^^^^^^^^^
  File "/Users/jaynowman/dev/mcp-repo-connector/.venv/lib/python3.12/site-packages/fastapi/routing.py", line 312, in run_endpoint_function
    return await dependant.call(**values)
           ^^^^^^^^^^^^^^^^^^^^^^^^^^^^^^
  File "/Users/jaynowman/dev/mcp-repo-connector/src/main.py", line 180, in handle_mcp_message
    data = await request.json()
           ^^^^^^^^^^^^^^^^^^^^
  File "/Users/jaynowman/dev/mcp-repo-connector/.venv/lib/python3.12/site-packages/starlette/requests.py", line 251, in json
    self._json = json.loads(body)
                 ^^^^^^^^^^^^^^^^
  File "/Library/Frameworks/Python.framework/Versions/3.12/lib/python3.12/json/__init__.py", line 346, in loads
    return _default_decoder.decode(s)
           ^^^^^^^^^^^^^^^^^^^^^^^^^^
  File "/Library/Frameworks/Python.framework/Versions/3.12/lib/python3.12/json/decoder.py", line 338, in decode
    obj, end = self.raw_decode(s, idx=_w(s, 0).end())
               ^^^^^^^^^^^^^^^^^^^^^^^^^^^^^^^^^^^^^^
  File "/Library/Frameworks/Python.framework/Versions/3.12/lib/python3.12/json/decoder.py", line 356, in raw_decode
    raise JSONDecodeError("Expecting value", s, err.value) from None
json.decoder.JSONDecodeError: Expecting value: line 1 column 1 (char 0)
Request: POST https://april-ampland-phoenix-garcia.trycloudflare.com/mcp/messages
Headers: Headers({'host': 'april-ampland-phoenix-garcia.trycloudflare.com', 'user-agent': 'curl/8.7.1', 'content-length': '166', 'accept': '*/*', 'accept-encoding': 'gzip', 'cdn-loop': 'cloudflare; loops=1; subreqs=1', 'cf-connecting-ip': '185.245.255.195', 'cf-ew-via': '15', 'cf-ipcountry': 'BE', 'cf-ray': '9b386c7213a3b9c3-BRU', 'cf-visitor': '{"scheme":"https"}', 'cf-warp-tag-id': '2214f60d-c45a-4a74-aa60-bbcb5dbb4e72', 'cf-worker': 'trycloudflare.com', 'connection': 'keep-alive', 'content-type': 'application/json', 'x-forwarded-for': '185.245.255.195', 'x-forwarded-proto': 'https'})
Response: 200
INFO:     185.245.255.195:0 - "POST /mcp/messages HTTP/1.1" 200 OK
